<?xml version="1.0" encoding="UTF-8" ?>
<testsuite failures="0" time="0.134" errors="0" skipped="0" tests="3" name="com.novedia.talentmap.store.impl.VSkillDaoTest">
  <properties>
    <property name="java.runtime.name" value="Java(TM) SE Runtime Environment"/>
    <property name="sun.boot.library.path" value="C:\dev_home\jdk\jdk-1.6\jre\bin"/>
    <property name="java.vm.version" value="20.6-b01"/>
    <property name="java.vm.vendor" value="Sun Microsystems Inc."/>
    <property name="java.vendor.url" value="http://java.sun.com/"/>
    <property name="path.separator" value=";"/>
    <property name="java.vm.name" value="Java HotSpot(TM) 64-Bit Server VM"/>
    <property name="file.encoding.pkg" value="sun.io"/>
    <property name="user.country" value="FR"/>
    <property name="sun.java.launcher" value="SUN_STANDARD"/>
    <property name="sun.os.patch.level" value="Service Pack 1"/>
    <property name="java.vm.specification.name" value="Java Virtual Machine Specification"/>
    <property name="user.dir" value="C:\dev_home\Projects\TalentMap\TalentMap-Store"/>
    <property name="java.runtime.version" value="1.6.0_31-b05"/>
    <property name="java.awt.graphicsenv" value="sun.awt.Win32GraphicsEnvironment"/>
    <property name="basedir" value="C:\dev_home\Projects\TalentMap\TalentMap-Store"/>
    <property name="java.endorsed.dirs" value="C:\dev_home\jdk\jdk-1.6\jre\lib\endorsed"/>
    <property name="os.arch" value="amd64"/>
    <property name="surefire.real.class.path" value="C:\Users\V8D22~1.GUI\AppData\Local\Temp\surefirebooter6806335885694160231.jar"/>
    <property name="java.io.tmpdir" value="C:\Users\V8D22~1.GUI\AppData\Local\Temp\"/>
    <property name="line.separator" value="
"/>
    <property name="java.vm.specification.vendor" value="Sun Microsystems Inc."/>
    <property name="user.variant" value=""/>
    <property name="os.name" value="Windows 7"/>
    <property name="sun.jnu.encoding" value="Cp1252"/>
    <property name="java.library.path" value="C:\dev_home\jdk\jdk-1.6\jre\bin;C:\Windows\Sun\Java\bin;C:\Windows\system32;C:\Windows;C:\Windows\system32;C:\Windows;C:\Windows\System32\Wbem;C:\Windows\System32\WindowsPowerShell\v1.0\;c:\Program Files\Intel\DMIX;C:\Program Files (x86)\Intel\Services\IPT\;C:\Program Files\Dell\Dell Data Protection\Access\Advanced\Wave\Gemalto\Access Client\v5\;C:\Program Files (x86)\Common Files\Roxio Shared\OEM\DLLShared\;C:\Program Files (x86)\Common Files\Roxio Shared\OEM\DLLShared\;C:\Program Files (x86)\Common Files\Roxio Shared\OEM\12.0\DLLShared\;C:\Program Files (x86)\Roxio\OEM\AudioCore\;C:\dev_home\maven\apache-maven-2.2.1-bin\apache-maven-2.2.1\bin;C:\dev_home\jdk\jdk-1.6\jre;C:\Program Files\TortoiseSVN\bin;."/>
    <property name="surefire.test.class.path" value="C:\dev_home\Projects\TalentMap\TalentMap-Store\target\test-classes;C:\dev_home\Projects\TalentMap\TalentMap-Store\target\classes;C:\dev_home\Projects\TalentMap\TalentMap-Model\target\TalentMap-Model-1.0-SNAPSHOT.jar;C:\Users\v.guillemain\.m2\repository\org\springframework\spring-core\3.0.5.RELEASE\spring-core-3.0.5.RELEASE.jar;C:\Users\v.guillemain\.m2\repository\org\springframework\spring-asm\3.0.5.RELEASE\spring-asm-3.0.5.RELEASE.jar;C:\Users\v.guillemain\.m2\repository\commons-logging\commons-logging\1.1\commons-logging-1.1.jar;C:\Users\v.guillemain\.m2\repository\org\springframework\spring-beans\3.0.5.RELEASE\spring-beans-3.0.5.RELEASE.jar;C:\Users\v.guillemain\.m2\repository\org\springframework\spring-context\3.0.5.RELEASE\spring-context-3.0.5.RELEASE.jar;C:\Users\v.guillemain\.m2\repository\org\springframework\spring-aop\3.0.5.RELEASE\spring-aop-3.0.5.RELEASE.jar;C:\Users\v.guillemain\.m2\repository\aopalliance\aopalliance\1.0\aopalliance-1.0.jar;C:\Users\v.guillemain\.m2\repository\org\springframework\spring-expression\3.0.5.RELEASE\spring-expression-3.0.5.RELEASE.jar;C:\Users\v.guillemain\.m2\repository\org\springframework\spring-web\3.0.5.RELEASE\spring-web-3.0.5.RELEASE.jar;C:\Users\v.guillemain\.m2\repository\org\springframework\spring-aspects\3.0.5.RELEASE\spring-aspects-3.0.5.RELEASE.jar;C:\Users\v.guillemain\.m2\repository\org\springframework\spring-context-support\3.0.5.RELEASE\spring-context-support-3.0.5.RELEASE.jar;C:\Users\v.guillemain\.m2\repository\org\springframework\spring-test\3.0.5.RELEASE\spring-test-3.0.5.RELEASE.jar;C:\Users\v.guillemain\.m2\repository\org\springframework\spring-tx\3.0.5.RELEASE\spring-tx-3.0.5.RELEASE.jar;C:\Users\v.guillemain\.m2\repository\org\aspectj\aspectjrt\1.6.3\aspectjrt-1.6.3.jar;C:\Users\v.guillemain\.m2\repository\org\slf4j\slf4j-api\1.6.1\slf4j-api-1.6.1.jar;C:\Users\v.guillemain\.m2\repository\org\slf4j\slf4j-log4j12\1.6.1\slf4j-log4j12-1.6.1.jar;C:\Users\v.guillemain\.m2\repository\log4j\log4j\1.2.16\log4j-1.2.16.jar;C:\Users\v.guillemain\.m2\repository\commons-dbcp\commons-dbcp\1.3\commons-dbcp-1.3.jar;C:\Users\v.guillemain\.m2\repository\commons-pool\commons-pool\1.5.4\commons-pool-1.5.4.jar;C:\Users\v.guillemain\.m2\repository\org\springframework\spring-ibatis\2.0.8\spring-ibatis-2.0.8.jar;C:\Users\v.guillemain\.m2\repository\logkit\logkit\1.0.1\logkit-1.0.1.jar;C:\Users\v.guillemain\.m2\repository\avalon-framework\avalon-framework\4.1.3\avalon-framework-4.1.3.jar;C:\Users\v.guillemain\.m2\repository\javax\servlet\servlet-api\2.3\servlet-api-2.3.jar;C:\Users\v.guillemain\.m2\repository\org\apache\ibatis\ibatis-sqlmap\2.3.0\ibatis-sqlmap-2.3.0.jar;C:\Users\v.guillemain\.m2\repository\org\springframework\spring-dao\2.0.8\spring-dao-2.0.8.jar;C:\Users\v.guillemain\.m2\repository\org\springframework\spring-jdbc\2.0.8\spring-jdbc-2.0.8.jar;C:\Users\v.guillemain\.m2\repository\com\ibatis\ibatis2-dao\2.1.7.597\ibatis2-dao-2.1.7.597.jar;C:\Users\v.guillemain\.m2\repository\com\ibatis\ibatis2-sqlmap\2.1.7.597\ibatis2-sqlmap-2.1.7.597.jar;C:\Users\v.guillemain\.m2\repository\com\ibatis\ibatis2-common\2.1.7.597\ibatis2-common-2.1.7.597.jar;C:\Users\v.guillemain\.m2\repository\oracle\jdbc-driver\ojdbc14\10.2.0.4.0\ojdbc14-10.2.0.4.0.jar;C:\Users\v.guillemain\.m2\repository\junit\junit\4.7\junit-4.7.jar;C:\Users\v.guillemain\.m2\repository\org\mockito\mockito-all\1.8.5\mockito-all-1.8.5.jar;C:\Users\v.guillemain\.m2\repository\javax\persistence\persistence-api\1.0\persistence-api-1.0.jar;"/>
    <property name="java.specification.name" value="Java Platform API Specification"/>
    <property name="java.class.version" value="50.0"/>
    <property name="sun.management.compiler" value="HotSpot 64-Bit Tiered Compilers"/>
    <property name="os.version" value="6.1"/>
    <property name="user.home" value="C:\Users\v.guillemain"/>
    <property name="user.timezone" value=""/>
    <property name="java.awt.printerjob" value="sun.awt.windows.WPrinterJob"/>
    <property name="java.specification.version" value="1.6"/>
    <property name="file.encoding" value="Cp1252"/>
    <property name="user.name" value="v.guillemain"/>
    <property name="java.class.path" value="C:\dev_home\Projects\TalentMap\TalentMap-Store\target\test-classes;C:\dev_home\Projects\TalentMap\TalentMap-Store\target\classes;C:\dev_home\Projects\TalentMap\TalentMap-Model\target\TalentMap-Model-1.0-SNAPSHOT.jar;C:\Users\v.guillemain\.m2\repository\org\springframework\spring-core\3.0.5.RELEASE\spring-core-3.0.5.RELEASE.jar;C:\Users\v.guillemain\.m2\repository\org\springframework\spring-asm\3.0.5.RELEASE\spring-asm-3.0.5.RELEASE.jar;C:\Users\v.guillemain\.m2\repository\commons-logging\commons-logging\1.1\commons-logging-1.1.jar;C:\Users\v.guillemain\.m2\repository\org\springframework\spring-beans\3.0.5.RELEASE\spring-beans-3.0.5.RELEASE.jar;C:\Users\v.guillemain\.m2\repository\org\springframework\spring-context\3.0.5.RELEASE\spring-context-3.0.5.RELEASE.jar;C:\Users\v.guillemain\.m2\repository\org\springframework\spring-aop\3.0.5.RELEASE\spring-aop-3.0.5.RELEASE.jar;C:\Users\v.guillemain\.m2\repository\aopalliance\aopalliance\1.0\aopalliance-1.0.jar;C:\Users\v.guillemain\.m2\repository\org\springframework\spring-expression\3.0.5.RELEASE\spring-expression-3.0.5.RELEASE.jar;C:\Users\v.guillemain\.m2\repository\org\springframework\spring-web\3.0.5.RELEASE\spring-web-3.0.5.RELEASE.jar;C:\Users\v.guillemain\.m2\repository\org\springframework\spring-aspects\3.0.5.RELEASE\spring-aspects-3.0.5.RELEASE.jar;C:\Users\v.guillemain\.m2\repository\org\springframework\spring-context-support\3.0.5.RELEASE\spring-context-support-3.0.5.RELEASE.jar;C:\Users\v.guillemain\.m2\repository\org\springframework\spring-test\3.0.5.RELEASE\spring-test-3.0.5.RELEASE.jar;C:\Users\v.guillemain\.m2\repository\org\springframework\spring-tx\3.0.5.RELEASE\spring-tx-3.0.5.RELEASE.jar;C:\Users\v.guillemain\.m2\repository\org\aspectj\aspectjrt\1.6.3\aspectjrt-1.6.3.jar;C:\Users\v.guillemain\.m2\repository\org\slf4j\slf4j-api\1.6.1\slf4j-api-1.6.1.jar;C:\Users\v.guillemain\.m2\repository\org\slf4j\slf4j-log4j12\1.6.1\slf4j-log4j12-1.6.1.jar;C:\Users\v.guillemain\.m2\repository\log4j\log4j\1.2.16\log4j-1.2.16.jar;C:\Users\v.guillemain\.m2\repository\commons-dbcp\commons-dbcp\1.3\commons-dbcp-1.3.jar;C:\Users\v.guillemain\.m2\repository\commons-pool\commons-pool\1.5.4\commons-pool-1.5.4.jar;C:\Users\v.guillemain\.m2\repository\org\springframework\spring-ibatis\2.0.8\spring-ibatis-2.0.8.jar;C:\Users\v.guillemain\.m2\repository\logkit\logkit\1.0.1\logkit-1.0.1.jar;C:\Users\v.guillemain\.m2\repository\avalon-framework\avalon-framework\4.1.3\avalon-framework-4.1.3.jar;C:\Users\v.guillemain\.m2\repository\javax\servlet\servlet-api\2.3\servlet-api-2.3.jar;C:\Users\v.guillemain\.m2\repository\org\apache\ibatis\ibatis-sqlmap\2.3.0\ibatis-sqlmap-2.3.0.jar;C:\Users\v.guillemain\.m2\repository\org\springframework\spring-dao\2.0.8\spring-dao-2.0.8.jar;C:\Users\v.guillemain\.m2\repository\org\springframework\spring-jdbc\2.0.8\spring-jdbc-2.0.8.jar;C:\Users\v.guillemain\.m2\repository\com\ibatis\ibatis2-dao\2.1.7.597\ibatis2-dao-2.1.7.597.jar;C:\Users\v.guillemain\.m2\repository\com\ibatis\ibatis2-sqlmap\2.1.7.597\ibatis2-sqlmap-2.1.7.597.jar;C:\Users\v.guillemain\.m2\repository\com\ibatis\ibatis2-common\2.1.7.597\ibatis2-common-2.1.7.597.jar;C:\Users\v.guillemain\.m2\repository\oracle\jdbc-driver\ojdbc14\10.2.0.4.0\ojdbc14-10.2.0.4.0.jar;C:\Users\v.guillemain\.m2\repository\junit\junit\4.7\junit-4.7.jar;C:\Users\v.guillemain\.m2\repository\org\mockito\mockito-all\1.8.5\mockito-all-1.8.5.jar;C:\Users\v.guillemain\.m2\repository\javax\persistence\persistence-api\1.0\persistence-api-1.0.jar;"/>
    <property name="java.vm.specification.version" value="1.0"/>
    <property name="sun.arch.data.model" value="64"/>
    <property name="java.home" value="C:\dev_home\jdk\jdk-1.6\jre"/>
    <property name="sun.java.command" value="C:\Users\V8D22~1.GUI\AppData\Local\Temp\surefirebooter6806335885694160231.jar C:\Users\V8D22~1.GUI\AppData\Local\Temp\surefire8946455294914786698tmp C:\Users\V8D22~1.GUI\AppData\Local\Temp\surefire8753026010535276649tmp"/>
    <property name="java.specification.vendor" value="Sun Microsystems Inc."/>
    <property name="user.language" value="fr"/>
    <property name="awt.toolkit" value="sun.awt.windows.WToolkit"/>
    <property name="java.vm.info" value="mixed mode"/>
    <property name="java.version" value="1.6.0_31"/>
    <property name="java.ext.dirs" value="C:\dev_home\jdk\jdk-1.6\jre\lib\ext;C:\Windows\Sun\Java\lib\ext"/>
    <property name="sun.boot.class.path" value="C:\dev_home\jdk\jdk-1.6\jre\lib\resources.jar;C:\dev_home\jdk\jdk-1.6\jre\lib\rt.jar;C:\dev_home\jdk\jdk-1.6\jre\lib\sunrsasign.jar;C:\dev_home\jdk\jdk-1.6\jre\lib\jsse.jar;C:\dev_home\jdk\jdk-1.6\jre\lib\jce.jar;C:\dev_home\jdk\jdk-1.6\jre\lib\charsets.jar;C:\dev_home\jdk\jdk-1.6\jre\lib\modules\jdk.boot.jar;C:\dev_home\jdk\jdk-1.6\jre\classes"/>
    <property name="java.vendor" value="Sun Microsystems Inc."/>
    <property name="localRepository" value="C:\Users\v.guillemain\.m2\repository"/>
    <property name="file.separator" value="\"/>
    <property name="java.vendor.url.bug" value="http://java.sun.com/cgi-bin/bugreport.cgi"/>
    <property name="sun.cpu.endian" value="little"/>
    <property name="sun.io.unicode.encoding" value="UnicodeLittle"/>
    <property name="sun.desktop" value="windows"/>
    <property name="sun.cpu.isalist" value="amd64"/>
  </properties>
  <testcase time="0.109" classname="com.novedia.talentmap.store.impl.VSkillDaoTest" name="testGetToolByConcept"/>
  <testcase time="0.004" classname="com.novedia.talentmap.store.impl.VSkillDaoTest" name="testGetSkillByTool"/>
  <testcase time="0.018" classname="com.novedia.talentmap.store.impl.VSkillDaoTest" name="testGetConceptByCategory"/>
</testsuite>